{"name":"Main test","status":"failed","statusDetails":{"known":false,"muted":false,"flaky":false,"message":"Искомое слово не содержится в тэге","trace":"java.lang.AssertionError: Искомое слово не содержится в тэге\r\n\tat org.junit.Assert.fail(Assert.java:88)\r\n\tat org.junit.Assert.assertTrue(Assert.java:41)\r\n\tat com.stackOverFlow.StackOverFlowTest.isContainTag(StackOverFlowTest.java:61)\r\n\tat com.stackOverFlow.StackOverFlowTest.mainTest(StackOverFlowTest.java:159)\r\n\tat java.base/jdk.internal.reflect.NativeMethodAccessorImpl.invoke0(Native Method)\r\n\tat java.base/jdk.internal.reflect.NativeMethodAccessorImpl.invoke(NativeMethodAccessorImpl.java:62)\r\n\tat java.base/jdk.internal.reflect.DelegatingMethodAccessorImpl.invoke(DelegatingMethodAccessorImpl.java:43)\r\n\tat java.base/java.lang.reflect.Method.invoke(Method.java:567)\r\n\tat org.junit.runners.model.FrameworkMethod$1.runReflectiveCall(FrameworkMethod.java:50)\r\n\tat org.junit.internal.runners.model.ReflectiveCallable.run(ReflectiveCallable.java:12)\r\n\tat org.junit.runners.model.FrameworkMethod.invokeExplosively(FrameworkMethod.java:47)\r\n\tat org.junit.internal.runners.statements.InvokeMethod.evaluate(InvokeMethod.java:17)\r\n\tat org.junit.internal.runners.statements.RunBefores.evaluate(RunBefores.java:26)\r\n\tat org.junit.internal.runners.statements.RunAfters.evaluate(RunAfters.java:27)\r\n\tat org.junit.rules.Verifier$1.evaluate(Verifier.java:35)\r\n\tat org.junit.rules.RunRules.evaluate(RunRules.java:20)\r\n\tat org.junit.runners.ParentRunner.runLeaf(ParentRunner.java:325)\r\n\tat org.junit.runners.BlockJUnit4ClassRunner.runChild(BlockJUnit4ClassRunner.java:78)\r\n\tat org.junit.runners.BlockJUnit4ClassRunner.runChild(BlockJUnit4ClassRunner.java:57)\r\n\tat org.junit.runners.ParentRunner$3.run(ParentRunner.java:290)\r\n\tat org.junit.runners.ParentRunner$1.schedule(ParentRunner.java:71)\r\n\tat org.junit.runners.ParentRunner.runChildren(ParentRunner.java:288)\r\n\tat org.junit.runners.ParentRunner.access$000(ParentRunner.java:58)\r\n\tat org.junit.runners.ParentRunner$2.evaluate(ParentRunner.java:268)\r\n\tat org.junit.runners.ParentRunner.run(ParentRunner.java:363)\r\n\tat org.apache.maven.surefire.junit4.JUnit4Provider.execute(JUnit4Provider.java:365)\r\n\tat org.apache.maven.surefire.junit4.JUnit4Provider.executeWithRerun(JUnit4Provider.java:273)\r\n\tat org.apache.maven.surefire.junit4.JUnit4Provider.executeTestSet(JUnit4Provider.java:238)\r\n\tat org.apache.maven.surefire.junit4.JUnit4Provider.invoke(JUnit4Provider.java:159)\r\n\tat org.apache.maven.surefire.booter.ForkedBooter.invokeProviderInSameClassLoader(ForkedBooter.java:384)\r\n\tat org.apache.maven.surefire.booter.ForkedBooter.runSuitesInProcess(ForkedBooter.java:345)\r\n\tat org.apache.maven.surefire.booter.ForkedBooter.execute(ForkedBooter.java:126)\r\n\tat org.apache.maven.surefire.booter.ForkedBooter.main(ForkedBooter.java:418)\r\n"},"stage":"finished","description":"script for stackoverflow.com","steps":[{"name":"Проверка текущего URL","status":"passed","stage":"finished","steps":[],"attachments":[],"parameters":[{"name":"currentURL","value":"https://stackoverflow.com/"},{"name":"neededURL","value":"https://stackoverflow.com/"}],"start":1573091675686,"stop":1573091675688},{"name":"Проверка эквивалентности введенного слова с \"webdriver\"","status":"passed","stage":"finished","steps":[],"attachments":[],"parameters":[{"name":"searchInput","value":"webdriver"},{"name":"searchWord","value":"webdriver"}],"start":1573091675822,"stop":1573091675822},{"name":"Проверка на наличие слова \"WebDriver\" в превью вопроса","status":"passed","stage":"finished","steps":[],"attachments":[],"parameters":[{"name":"previewTextQuestion","value":"476\nvotes\n43\nanswers\nQ: How to take screenshot with Selenium WebDriver\nDoes anyone know if it's possible to take a screenshot using Selenium WebDriver? (Note: Not Selenium RC) …\nselenium selenium-webdriver ashot takesscreenshot selenium-shutterbug\nasked Aug 6 '10 by James Hollingworth"}],"start":1573091676725,"stop":1573091676725},{"name":"Проверка на эквивалентность заголовка внутри вопроса и заголовка в превью вопроса","status":"passed","stage":"finished","steps":[],"attachments":[],"parameters":[{"name":"questionTitle","value":"How to take screenshot with Selenium WebDriver"},{"name":"currentTitleInside","value":"How to take screenshot with Selenium WebDriver"}],"start":1573091678503,"stop":1573091678503},{"name":"Проверка на наличие слова \"WebDriver\" в превью вопроса","status":"passed","stage":"finished","steps":[],"attachments":[],"parameters":[{"name":"previewTextQuestion","value":"431\nvotes\n14\nanswers\nQ: Get HTML Source of WebElement in Selenium WebDriver using Python\nI'm using the Python bindings to run Selenium WebDriver. from selenium import webdriver wd = webdriver.Firefox() I know I can grab a webelement like so... elem = wd.find_element_by_css_selector … webdriver docs for Python are basically non-existent and I don't see anything in the code that seems to enable that functionality. Any thoughts on the best way to access the HTML of an element (and its children)? …\npython selenium selenium-webdriver webdriver automated-tests\nasked Aug 31 '11 by Chris W."}],"start":1573091678925,"stop":1573091678925},{"name":"Проверка на эквивалентность заголовка внутри вопроса и заголовка в превью вопроса","status":"passed","stage":"finished","steps":[],"attachments":[],"parameters":[{"name":"questionTitle","value":"Get HTML Source of WebElement in Selenium WebDriver using Python"},{"name":"currentTitleInside","value":"Get HTML Source of WebElement in Selenium WebDriver using Python"}],"start":1573091683054,"stop":1573091683054},{"name":"Проверка на наличие слова \"WebDriver\" в превью вопроса","status":"passed","stage":"finished","steps":[],"attachments":[],"parameters":[{"name":"previewTextQuestion","value":"155\nvotes\n11\nanswers\nQ: How to run Selenium WebDriver test cases in Chrome?\nI tried this WebDriver driver = new ChromeDriver(); But i'm getting the error as Failed tests: setUp(com.TEST): The path to the driver executable must be set by the webdriver.chrome.driver … system property; for more information, see code here . The latest version can be downloaded from Link How can I make Chrome to test the Selenium-WebDriver test cases? …\nselenium webdriver selenium-webdriver selenium-chromedriver\nasked Dec 5 '12 by Prince"}],"start":1573091683747,"stop":1573091683747},{"name":"Проверка на эквивалентность заголовка внутри вопроса и заголовка в превью вопроса","status":"passed","stage":"finished","steps":[],"attachments":[],"parameters":[{"name":"questionTitle","value":"How to run Selenium WebDriver test cases in Chrome?"},{"name":"currentTitleInside","value":"How to run Selenium WebDriver test cases in Chrome?"}],"start":1573091684730,"stop":1573091684730},{"name":"Проверка на наличие слова \"WebDriver\" в превью вопроса","status":"passed","stage":"finished","steps":[],"attachments":[],"parameters":[{"name":"previewTextQuestion","value":"213\nvotes\n8\nanswers\nQ: Is there a way to get element by XPath using JavaScript in Selenium WebDriver?\nI am looking for something like: getElementByXpath(//html[1]/body[1]/div[1]).innerHTML I need to get the innerHTML of elements using JS (to use that in Selenium WebDriver/Java, since WebDriver …\njavascript xpath selenium-webdriver document.evaluate\nasked May 15 '12 by pMan"}],"start":1573091685144,"stop":1573091685144},{"name":"Проверка на эквивалентность заголовка внутри вопроса и заголовка в превью вопроса","status":"passed","stage":"finished","steps":[],"attachments":[],"parameters":[{"name":"questionTitle","value":"Is there a way to get element by XPath using JavaScript in Selenium WebDriver?"},{"name":"currentTitleInside","value":"Is there a way to get element by XPath using JavaScript in Selenium WebDriver?"}],"start":1573091686153,"stop":1573091686153},{"name":"Проверка на наличие слова \"WebDriver\" в превью вопроса","status":"passed","stage":"finished","steps":[],"attachments":[],"parameters":[{"name":"previewTextQuestion","value":"171\nvotes\n23\nanswers\nQ: Selenium c# Webdriver: Wait Until Element is Present\nI want to make sure that an element is present before the webdriver starts doing stuff. I'm trying to get something like this to work: WebDriverWait wait = new WebDriverWait(driver, new TimeSpan(0,0,5)); wait.Until(By.Id(\"login\")); I'm mainly struggling how to setup up the anynomous function.. …\nc# selenium selenium-webdriver webdriver automated-tests\nasked Aug 9 '11 by AyKarsi"}],"start":1573091686807,"stop":1573091686807},{"name":"Проверка на эквивалентность заголовка внутри вопроса и заголовка в превью вопроса","status":"passed","stage":"finished","steps":[],"attachments":[],"parameters":[{"name":"questionTitle","value":"Selenium c# Webdriver: Wait Until Element is Present"},{"name":"currentTitleInside","value":"Selenium c# Webdriver: Wait Until Element is Present"}],"start":1573091688061,"stop":1573091688061},{"name":"Проверка на наличие слова \"WebDriver\" в превью вопроса","status":"passed","stage":"finished","steps":[],"attachments":[],"parameters":[{"name":"previewTextQuestion","value":"117\nvotes\n3\nanswers\nQ: WebDriver click() vs JavaScript click()\nThe Story: Here on StackOverflow, I've seen users reporting that they cannot click an element via selenium WebDriver \"click\" command and can work around it with a JavaScript click by executing a … \"); browser.executeScript(\"arguments[0].click();\", elm.getWebElement()); The Question: Why is clicking \"via JavaScript\" works when a regular WebDriver click does not? When exactly is this happening and what is the …\njavascript python selenium selenium-webdriver protractor\nasked Jan 2 '16 by alecxe"}],"start":1573091688689,"stop":1573091688689},{"name":"Проверка на эквивалентность заголовка внутри вопроса и заголовка в превью вопроса","status":"passed","stage":"finished","steps":[],"attachments":[],"parameters":[{"name":"questionTitle","value":"WebDriver click() vs JavaScript click()"},{"name":"currentTitleInside","value":"WebDriver click() vs JavaScript click()"}],"start":1573091689576,"stop":1573091689576},{"name":"Проверка на наличие слова \"WebDriver\" в превью вопроса","status":"failed","statusDetails":{"known":false,"muted":false,"flaky":false,"message":"В превью вопроса не найдено слово \"WebDriver\"","trace":"java.lang.AssertionError: В превью вопроса не найдено слово \"WebDriver\"\r\n\tat org.junit.Assert.fail(Assert.java:88)\r\n\tat org.junit.Assert.assertTrue(Assert.java:41)\r\n\tat com.stackOverFlow.StackOverFlowTest.checkWordInPreviewTextQuestion(StackOverFlowTest.java:41)\r\n\tat com.stackOverFlow.StackOverFlowTest.mainTest(StackOverFlowTest.java:107)\r\n\tat java.base/jdk.internal.reflect.NativeMethodAccessorImpl.invoke0(Native Method)\r\n\tat java.base/jdk.internal.reflect.NativeMethodAccessorImpl.invoke(NativeMethodAccessorImpl.java:62)\r\n\tat java.base/jdk.internal.reflect.DelegatingMethodAccessorImpl.invoke(DelegatingMethodAccessorImpl.java:43)\r\n\tat java.base/java.lang.reflect.Method.invoke(Method.java:567)\r\n\tat org.junit.runners.model.FrameworkMethod$1.runReflectiveCall(FrameworkMethod.java:50)\r\n\tat org.junit.internal.runners.model.ReflectiveCallable.run(ReflectiveCallable.java:12)\r\n\tat org.junit.runners.model.FrameworkMethod.invokeExplosively(FrameworkMethod.java:47)\r\n\tat org.junit.internal.runners.statements.InvokeMethod.evaluate(InvokeMethod.java:17)\r\n\tat org.junit.internal.runners.statements.RunBefores.evaluate(RunBefores.java:26)\r\n\tat org.junit.internal.runners.statements.RunAfters.evaluate(RunAfters.java:27)\r\n\tat org.junit.rules.Verifier$1.evaluate(Verifier.java:35)\r\n\tat org.junit.rules.RunRules.evaluate(RunRules.java:20)\r\n\tat org.junit.runners.ParentRunner.runLeaf(ParentRunner.java:325)\r\n\tat org.junit.runners.BlockJUnit4ClassRunner.runChild(BlockJUnit4ClassRunner.java:78)\r\n\tat org.junit.runners.BlockJUnit4ClassRunner.runChild(BlockJUnit4ClassRunner.java:57)\r\n\tat org.junit.runners.ParentRunner$3.run(ParentRunner.java:290)\r\n\tat org.junit.runners.ParentRunner$1.schedule(ParentRunner.java:71)\r\n\tat org.junit.runners.ParentRunner.runChildren(ParentRunner.java:288)\r\n\tat org.junit.runners.ParentRunner.access$000(ParentRunner.java:58)\r\n\tat org.junit.runners.ParentRunner$2.evaluate(ParentRunner.java:268)\r\n\tat org.junit.runners.ParentRunner.run(ParentRunner.java:363)\r\n\tat org.apache.maven.surefire.junit4.JUnit4Provider.execute(JUnit4Provider.java:365)\r\n\tat org.apache.maven.surefire.junit4.JUnit4Provider.executeWithRerun(JUnit4Provider.java:273)\r\n\tat org.apache.maven.surefire.junit4.JUnit4Provider.executeTestSet(JUnit4Provider.java:238)\r\n\tat org.apache.maven.surefire.junit4.JUnit4Provider.invoke(JUnit4Provider.java:159)\r\n\tat org.apache.maven.surefire.booter.ForkedBooter.invokeProviderInSameClassLoader(ForkedBooter.java:384)\r\n\tat org.apache.maven.surefire.booter.ForkedBooter.runSuitesInProcess(ForkedBooter.java:345)\r\n\tat org.apache.maven.surefire.booter.ForkedBooter.execute(ForkedBooter.java:126)\r\n\tat org.apache.maven.surefire.booter.ForkedBooter.main(ForkedBooter.java:418)\r\n"},"stage":"finished","steps":[],"attachments":[],"parameters":[{"name":"previewTextQuestion","value":"371\nvotes\n23\nanswers\nQ: Selenium using Python - Geckodriver executable needs to be in PATH\nthe Firefox browser. Whenever I tried to run the webdriver function, I get this: from selenium import webdriver browser = webdriver.Firefox() Exception :- Exception ignored in: <bound method … Service.__del__ of <selenium.webdriver.firefox.service.Service object at 0x00000249C0DA1080>> Traceback (most recent call last): File \"C:\\Python\\Python35\\lib\\site-packages\\selenium\\webdriver\\common …\npython selenium firefox selenium-firefoxdriver geckodriver\nasked Oct 23 '16 by tadm123"}],"start":1573091690191,"stop":1573091690193},{"name":"Проверка на эквивалентность заголовка внутри вопроса и заголовка в превью вопроса","status":"passed","stage":"finished","steps":[],"attachments":[],"parameters":[{"name":"questionTitle","value":"Selenium using Python - Geckodriver executable needs to be in PATH"},{"name":"currentTitleInside","value":"Selenium using Python - Geckodriver executable needs to be in PATH"}],"start":1573091691293,"stop":1573091691293},{"name":"Проверка на наличие слова \"WebDriver\" в превью вопроса","status":"passed","stage":"finished","steps":[],"attachments":[],"parameters":[{"name":"previewTextQuestion","value":"99\nvotes\n9\nanswers\nQ: How to get HTTP Response Code using Selenium WebDriver\nI have written tests with Selenium2/WebDriver and want to test if HTTP Request returns an HTTP 403 Forbidden. Is it possible to get the HTTP response status code with Selenium WebDriver? …\njava selenium webdriver httprequest httpresponse\nasked Jun 28 '11 by Ralph"}],"start":1573091691910,"stop":1573091691910},{"name":"Проверка на эквивалентность заголовка внутри вопроса и заголовка в превью вопроса","status":"passed","stage":"finished","steps":[],"attachments":[],"parameters":[{"name":"questionTitle","value":"How to get HTTP Response Code using Selenium WebDriver"},{"name":"currentTitleInside","value":"How to get HTTP Response Code using Selenium WebDriver"}],"start":1573091693487,"stop":1573091693487},{"name":"Проверка на наличие слова \"WebDriver\" в превью вопроса","status":"passed","stage":"finished","steps":[],"attachments":[],"parameters":[{"name":"previewTextQuestion","value":"226\nvotes\n9\nanswers\nQ: How do I find an element that contains specific text in Selenium Webdriver (Python)?\n(element.get_element_by_xpath('..') returns an element's parent, but it tests not equal to div.outer). Also, iterating through all the elements on the page seems to be really slow, at least using the Chrome webdriver. Ideas … ? Edit: This question came out a little vague. Asked (and answered) a more specific version here: How to get text of an element in Selenium WebDriver (via the Python api) without including child element text? …\npython selenium selenium-webdriver\nasked Sep 7 '12 by josh"}],"start":1573091693867,"stop":1573091693867},{"name":"Проверка на эквивалентность заголовка внутри вопроса и заголовка в превью вопроса","status":"passed","stage":"finished","steps":[],"attachments":[],"parameters":[{"name":"questionTitle","value":"How do I find an element that contains specific text in Selenium Webdriver (Python)?"},{"name":"currentTitleInside","value":"How do I find an element that contains specific text in Selenium Webdriver (Python)?"}],"start":1573091694816,"stop":1573091694816},{"name":"Проверка на наличие слова \"WebDriver\" в превью вопроса","status":"failed","statusDetails":{"known":false,"muted":false,"flaky":false,"message":"В превью вопроса не найдено слово \"WebDriver\"","trace":"java.lang.AssertionError: В превью вопроса не найдено слово \"WebDriver\"\r\n\tat org.junit.Assert.fail(Assert.java:88)\r\n\tat org.junit.Assert.assertTrue(Assert.java:41)\r\n\tat com.stackOverFlow.StackOverFlowTest.checkWordInPreviewTextQuestion(StackOverFlowTest.java:41)\r\n\tat com.stackOverFlow.StackOverFlowTest.mainTest(StackOverFlowTest.java:107)\r\n\tat java.base/jdk.internal.reflect.NativeMethodAccessorImpl.invoke0(Native Method)\r\n\tat java.base/jdk.internal.reflect.NativeMethodAccessorImpl.invoke(NativeMethodAccessorImpl.java:62)\r\n\tat java.base/jdk.internal.reflect.DelegatingMethodAccessorImpl.invoke(DelegatingMethodAccessorImpl.java:43)\r\n\tat java.base/java.lang.reflect.Method.invoke(Method.java:567)\r\n\tat org.junit.runners.model.FrameworkMethod$1.runReflectiveCall(FrameworkMethod.java:50)\r\n\tat org.junit.internal.runners.model.ReflectiveCallable.run(ReflectiveCallable.java:12)\r\n\tat org.junit.runners.model.FrameworkMethod.invokeExplosively(FrameworkMethod.java:47)\r\n\tat org.junit.internal.runners.statements.InvokeMethod.evaluate(InvokeMethod.java:17)\r\n\tat org.junit.internal.runners.statements.RunBefores.evaluate(RunBefores.java:26)\r\n\tat org.junit.internal.runners.statements.RunAfters.evaluate(RunAfters.java:27)\r\n\tat org.junit.rules.Verifier$1.evaluate(Verifier.java:35)\r\n\tat org.junit.rules.RunRules.evaluate(RunRules.java:20)\r\n\tat org.junit.runners.ParentRunner.runLeaf(ParentRunner.java:325)\r\n\tat org.junit.runners.BlockJUnit4ClassRunner.runChild(BlockJUnit4ClassRunner.java:78)\r\n\tat org.junit.runners.BlockJUnit4ClassRunner.runChild(BlockJUnit4ClassRunner.java:57)\r\n\tat org.junit.runners.ParentRunner$3.run(ParentRunner.java:290)\r\n\tat org.junit.runners.ParentRunner$1.schedule(ParentRunner.java:71)\r\n\tat org.junit.runners.ParentRunner.runChildren(ParentRunner.java:288)\r\n\tat org.junit.runners.ParentRunner.access$000(ParentRunner.java:58)\r\n\tat org.junit.runners.ParentRunner$2.evaluate(ParentRunner.java:268)\r\n\tat org.junit.runners.ParentRunner.run(ParentRunner.java:363)\r\n\tat org.apache.maven.surefire.junit4.JUnit4Provider.execute(JUnit4Provider.java:365)\r\n\tat org.apache.maven.surefire.junit4.JUnit4Provider.executeWithRerun(JUnit4Provider.java:273)\r\n\tat org.apache.maven.surefire.junit4.JUnit4Provider.executeTestSet(JUnit4Provider.java:238)\r\n\tat org.apache.maven.surefire.junit4.JUnit4Provider.invoke(JUnit4Provider.java:159)\r\n\tat org.apache.maven.surefire.booter.ForkedBooter.invokeProviderInSameClassLoader(ForkedBooter.java:384)\r\n\tat org.apache.maven.surefire.booter.ForkedBooter.runSuitesInProcess(ForkedBooter.java:345)\r\n\tat org.apache.maven.surefire.booter.ForkedBooter.execute(ForkedBooter.java:126)\r\n\tat org.apache.maven.surefire.booter.ForkedBooter.main(ForkedBooter.java:418)\r\n"},"stage":"finished","steps":[],"attachments":[],"parameters":[{"name":"previewTextQuestion","value":"49\nvotes\n11\nanswers\nQ: Webdriver Screenshot\nWhen taking a screenshot using Selenium Webdriver on windows with python, the screenshot is saved directly to the path of the program, is there a way to save the .png file to a specific directory? …\npython selenium selenium-webdriver webdriver\nasked Jan 17 '12 by user1152578"}],"start":1573091695516,"stop":1573091695516},{"name":"Проверка на эквивалентность заголовка внутри вопроса и заголовка в превью вопроса","status":"passed","stage":"finished","steps":[],"attachments":[],"parameters":[{"name":"questionTitle","value":"Webdriver Screenshot"},{"name":"currentTitleInside","value":"Webdriver Screenshot"}],"start":1573091696486,"stop":1573091696486},{"name":"Проверка на наличие слова \"WebDriver\" в превью вопроса","status":"passed","stage":"finished","steps":[],"attachments":[],"parameters":[{"name":"previewTextQuestion","value":"150\nvotes\n18\nanswers\nQ: Test if element is present using Selenium WebDriver?\n, that is not a fail of the test, so an exception can not be the solution. I've found this post: Selenium c# Webdriver: Wait Until Element is Present But this is for C# and I am not very good at it …\njava selenium selenium-webdriver\nasked Nov 3 '11 by tester"}],"start":1573091697100,"stop":1573091697100},{"name":"Проверка на эквивалентность заголовка внутри вопроса и заголовка в превью вопроса","status":"passed","stage":"finished","steps":[],"attachments":[],"parameters":[{"name":"questionTitle","value":"Test if element is present using Selenium WebDriver?"},{"name":"currentTitleInside","value":"Test if element is present using Selenium WebDriver?"}],"start":1573091698135,"stop":1573091698135},{"name":"Проверка на наличие слова \"WebDriver\" в превью вопроса","status":"passed","stage":"finished","steps":[],"attachments":[],"parameters":[{"name":"previewTextQuestion","value":"100\nvotes\n26\nanswers\nQ: How to open a new tab using Selenium WebDriver?\nHow to open a new tab in the existing Firefox browser using Selenium WebDriver (a.k.a. Selenium 2)? …\nselenium firefox selenium-webdriver browser-tab\nasked Jul 9 '13 by Bhakti Shah"}],"start":1573091698495,"stop":1573091698495},{"name":"Проверка на эквивалентность заголовка внутри вопроса и заголовка в превью вопроса","status":"passed","stage":"finished","steps":[],"attachments":[],"parameters":[{"name":"questionTitle","value":"How to open a new tab using Selenium WebDriver?"},{"name":"currentTitleInside","value":"How to open a new tab using Selenium WebDriver?"}],"start":1573091699988,"stop":1573091699988},{"name":"Проверка на наличие слова \"WebDriver\" в превью вопроса","status":"passed","stage":"finished","steps":[],"attachments":[],"parameters":[{"name":"previewTextQuestion","value":"361\nvotes\n3\nanswers\nQ: Headless Browser and scraping - solutions [closed]\nPhantomJS - JavaScript, headless testing with screen capture and automation, uses Webkit. As of version 1.8 Selenium's WebDriver API is implemented, so you can use any WebDriver binding and tests … - JavaScript implementation of the WebDriver Wire Protocol for PhantomJS. new PhantomCSS - CSS regression testing. A CasperJS module for automating visual regression testing with PhantomJS and …\nselenium web-scraping scrapy phantomjs casperjs\nasked Aug 30 '13 by Inoperable"}],"start":1573091700401,"stop":1573091700401},{"name":"Проверка на эквивалентность заголовка внутри вопроса и заголовка в превью вопроса","status":"passed","stage":"finished","steps":[],"attachments":[],"parameters":[{"name":"questionTitle","value":"Headless Browser and scraping - solutions [closed]"},{"name":"currentTitleInside","value":"Headless Browser and scraping - solutions [closed]"}],"start":1573091701179,"stop":1573091701179},{"name":"Проверка на наличие слова \"WebDriver\" в превью вопроса","status":"passed","stage":"finished","steps":[],"attachments":[],"parameters":[{"name":"previewTextQuestion","value":"14\nvotes\n2\nanswers\nQ: JUnit Format in WebDriver vs WebDriver Backed\nI have recorded a test case in Selenium IDE and want to convert that to Junit. When I try to change through format, I have two options called ‘JUnit WebDriver’ and ‘JUnit WebDriver Backed’. Can you … guys please explain me what is the different between this WebDriver and WebDriver Backed? Sorry I am new to Selenium, started learning through Internet Materials. Thanks, Abdul Hameed …\nselenium junit4\nasked Mar 20 '12 by Abdul Hameed"}],"start":1573091701819,"stop":1573091701819},{"name":"Проверка на эквивалентность заголовка внутри вопроса и заголовка в превью вопроса","status":"passed","stage":"finished","steps":[],"attachments":[],"parameters":[{"name":"questionTitle","value":"JUnit Format in WebDriver vs WebDriver Backed"},{"name":"currentTitleInside","value":"JUnit Format in WebDriver vs WebDriver Backed"}],"start":1573091702552,"stop":1573091702552},{"name":"Проверка на наличие слова \"WebDriver\" в превью вопроса","status":"passed","stage":"finished","steps":[],"attachments":[],"parameters":[{"name":"previewTextQuestion","value":"123\nvotes\n27\nanswers\nQ: How to maximize the browser window in Selenium WebDriver (Selenium 2) using C#?\nIs there any way to maximize the browser window using WebDriver (Selenium 2) with C#? …\nc# selenium selenium-webdriver\nasked Jul 6 '10 by Reflux"}],"start":1573091703167,"stop":1573091703167},{"name":"Проверка на эквивалентность заголовка внутри вопроса и заголовка в превью вопроса","status":"passed","stage":"finished","steps":[],"attachments":[],"parameters":[{"name":"questionTitle","value":"How to maximize the browser window in Selenium WebDriver (Selenium 2) using C#?"},{"name":"currentTitleInside","value":"How to maximize the browser window in Selenium WebDriver (Selenium 2) using C#?"}],"start":1573091704523,"stop":1573091704523},{"name":"Проверка текущего URL","status":"passed","stage":"finished","steps":[],"attachments":[],"parameters":[{"name":"currentURL","value":"https://stackoverflow.com/tags"},{"name":"neededURL","value":"https://stackoverflow.com/tags"}],"start":1573091705354,"stop":1573091705354},{"name":"Проверка содержания слова \"webdriver\" в webdriver","status":"passed","stage":"finished","steps":[],"attachments":[],"parameters":[{"name":"tag","value":"webdriver"},{"name":"tagNameSearch","value":"webdriver"}],"start":1573091706505,"stop":1573091706505},{"name":"Проверка содержания слова \"webdriver\" в selenium-webdriver","status":"passed","stage":"finished","steps":[],"attachments":[],"parameters":[{"name":"tag","value":"selenium-webdriver"},{"name":"tagNameSearch","value":"webdriver"}],"start":1573091706525,"stop":1573091706525},{"name":"Проверка содержания слова \"webdriver\" в watir-webdriver","status":"passed","stage":"finished","steps":[],"attachments":[],"parameters":[{"name":"tag","value":"watir-webdriver"},{"name":"tagNameSearch","value":"webdriver"}],"start":1573091706545,"stop":1573091706545},{"name":"Проверка содержания слова \"webdriver\" в webdriver-io","status":"passed","stage":"finished","steps":[],"attachments":[],"parameters":[{"name":"tag","value":"webdriver-io"},{"name":"tagNameSearch","value":"webdriver"}],"start":1573091706564,"stop":1573091706564},{"name":"Проверка содержания слова \"webdriver\" в webdriverwait","status":"passed","stage":"finished","steps":[],"attachments":[],"parameters":[{"name":"tag","value":"webdriverwait"},{"name":"tagNameSearch","value":"webdriver"}],"start":1573091706592,"stop":1573091706592},{"name":"Проверка содержания слова \"webdriver\" в remotewebdriver","status":"passed","stage":"finished","steps":[],"attachments":[],"parameters":[{"name":"tag","value":"remotewebdriver"},{"name":"tagNameSearch","value":"webdriver"}],"start":1573091706653,"stop":1573091706653},{"name":"Проверка содержания слова \"webdriver\" в chrome-web-driver","status":"failed","statusDetails":{"known":false,"muted":false,"flaky":false,"message":"Искомое слово не содержится в тэге","trace":"java.lang.AssertionError: Искомое слово не содержится в тэге\r\n\tat org.junit.Assert.fail(Assert.java:88)\r\n\tat org.junit.Assert.assertTrue(Assert.java:41)\r\n\tat com.stackOverFlow.StackOverFlowTest.isContainTag(StackOverFlowTest.java:61)\r\n\tat com.stackOverFlow.StackOverFlowTest.mainTest(StackOverFlowTest.java:159)\r\n\tat java.base/jdk.internal.reflect.NativeMethodAccessorImpl.invoke0(Native Method)\r\n\tat java.base/jdk.internal.reflect.NativeMethodAccessorImpl.invoke(NativeMethodAccessorImpl.java:62)\r\n\tat java.base/jdk.internal.reflect.DelegatingMethodAccessorImpl.invoke(DelegatingMethodAccessorImpl.java:43)\r\n\tat java.base/java.lang.reflect.Method.invoke(Method.java:567)\r\n\tat org.junit.runners.model.FrameworkMethod$1.runReflectiveCall(FrameworkMethod.java:50)\r\n\tat org.junit.internal.runners.model.ReflectiveCallable.run(ReflectiveCallable.java:12)\r\n\tat org.junit.runners.model.FrameworkMethod.invokeExplosively(FrameworkMethod.java:47)\r\n\tat org.junit.internal.runners.statements.InvokeMethod.evaluate(InvokeMethod.java:17)\r\n\tat org.junit.internal.runners.statements.RunBefores.evaluate(RunBefores.java:26)\r\n\tat org.junit.internal.runners.statements.RunAfters.evaluate(RunAfters.java:27)\r\n\tat org.junit.rules.Verifier$1.evaluate(Verifier.java:35)\r\n\tat org.junit.rules.RunRules.evaluate(RunRules.java:20)\r\n\tat org.junit.runners.ParentRunner.runLeaf(ParentRunner.java:325)\r\n\tat org.junit.runners.BlockJUnit4ClassRunner.runChild(BlockJUnit4ClassRunner.java:78)\r\n\tat org.junit.runners.BlockJUnit4ClassRunner.runChild(BlockJUnit4ClassRunner.java:57)\r\n\tat org.junit.runners.ParentRunner$3.run(ParentRunner.java:290)\r\n\tat org.junit.runners.ParentRunner$1.schedule(ParentRunner.java:71)\r\n\tat org.junit.runners.ParentRunner.runChildren(ParentRunner.java:288)\r\n\tat org.junit.runners.ParentRunner.access$000(ParentRunner.java:58)\r\n\tat org.junit.runners.ParentRunner$2.evaluate(ParentRunner.java:268)\r\n\tat org.junit.runners.ParentRunner.run(ParentRunner.java:363)\r\n\tat org.apache.maven.surefire.junit4.JUnit4Provider.execute(JUnit4Provider.java:365)\r\n\tat org.apache.maven.surefire.junit4.JUnit4Provider.executeWithRerun(JUnit4Provider.java:273)\r\n\tat org.apache.maven.surefire.junit4.JUnit4Provider.executeTestSet(JUnit4Provider.java:238)\r\n\tat org.apache.maven.surefire.junit4.JUnit4Provider.invoke(JUnit4Provider.java:159)\r\n\tat org.apache.maven.surefire.booter.ForkedBooter.invokeProviderInSameClassLoader(ForkedBooter.java:384)\r\n\tat org.apache.maven.surefire.booter.ForkedBooter.runSuitesInProcess(ForkedBooter.java:345)\r\n\tat org.apache.maven.surefire.booter.ForkedBooter.execute(ForkedBooter.java:126)\r\n\tat org.apache.maven.surefire.booter.ForkedBooter.main(ForkedBooter.java:418)\r\n"},"stage":"finished","steps":[],"attachments":[],"parameters":[{"name":"tag","value":"chrome-web-driver"},{"name":"tagNameSearch","value":"webdriver"}],"start":1573091706671,"stop":1573091706672},{"name":"Проверка содержания слова \"webdriver\" в webdriver-manager","status":"passed","stage":"finished","steps":[],"attachments":[],"parameters":[{"name":"tag","value":"webdriver-manager"},{"name":"tagNameSearch","value":"webdriver"}],"start":1573091706692,"stop":1573091706693},{"name":"Проверка содержания слова \"webdriver\" в webdriverjs","status":"passed","stage":"finished","steps":[],"attachments":[],"parameters":[{"name":"tag","value":"webdriverjs"},{"name":"tagNameSearch","value":"webdriver"}],"start":1573091706714,"stop":1573091706714},{"name":"Проверка содержания слова \"webdriver\" в webdrivermanager-java","status":"passed","stage":"finished","steps":[],"attachments":[],"parameters":[{"name":"tag","value":"webdrivermanager-java"},{"name":"tagNameSearch","value":"webdriver"}],"start":1573091706733,"stop":1573091706733},{"name":"Проверка содержания слова \"webdriver\" в facebook-php-webdriver","status":"passed","stage":"finished","steps":[],"attachments":[],"parameters":[{"name":"tag","value":"facebook-php-webdriver"},{"name":"tagNameSearch","value":"webdriver"}],"start":1573091706753,"stop":1573091706753},{"name":"Проверка содержания слова \"webdriver\" в webdriver-w3c-spec","status":"passed","stage":"finished","steps":[],"attachments":[],"parameters":[{"name":"tag","value":"webdriver-w3c-spec"},{"name":"tagNameSearch","value":"webdriver"}],"start":1573091706773,"stop":1573091706773},{"name":"Проверка содержания слова \"webdriver\" в webdriver-io-v4","status":"passed","stage":"finished","steps":[],"attachments":[],"parameters":[{"name":"tag","value":"webdriver-io-v4"},{"name":"tagNameSearch","value":"webdriver"}],"start":1573091706793,"stop":1573091706793},{"name":"Проверка содержания слова \"webdriver\" в php-webdriver","status":"passed","stage":"finished","steps":[],"attachments":[],"parameters":[{"name":"tag","value":"php-webdriver"},{"name":"tagNameSearch","value":"webdriver"}],"start":1573091706813,"stop":1573091706813},{"name":"Проверка содержания слова \"webdriver\" в microsoft-webdriver","status":"passed","stage":"finished","steps":[],"attachments":[],"parameters":[{"name":"tag","value":"microsoft-webdriver"},{"name":"tagNameSearch","value":"webdriver"}],"start":1573091706834,"stop":1573091706834},{"name":"Проверка содержания слова \"webdriver\" в webdrivereventlistener","status":"passed","stage":"finished","steps":[],"attachments":[],"parameters":[{"name":"tag","value":"webdrivereventlistener"},{"name":"tagNameSearch","value":"webdriver"}],"start":1573091706855,"stop":1573091706855},{"name":"Проверка содержания слова \"webdriver\" в facebook-webdriver","status":"passed","stage":"finished","steps":[],"attachments":[],"parameters":[{"name":"tag","value":"facebook-webdriver"},{"name":"tagNameSearch","value":"webdriver"}],"start":1573091706874,"stop":1573091706875},{"name":"Проверка содержания слова \"webdriver\" в google-webdriver","status":"passed","stage":"finished","steps":[],"attachments":[],"parameters":[{"name":"tag","value":"google-webdriver"},{"name":"tagNameSearch","value":"webdriver"}],"start":1573091706893,"stop":1573091706893},{"name":"Проверка содержания слова \"webdriver\" в webdrivers-gem","status":"passed","stage":"finished","steps":[],"attachments":[],"parameters":[{"name":"tag","value":"webdrivers-gem"},{"name":"tagNameSearch","value":"webdriver"}],"start":1573091706912,"stop":1573091706912},{"name":"Проверка содержания слова \"webdriver\" в selenium-webdriver-c#","status":"passed","stage":"finished","steps":[],"attachments":[],"parameters":[{"name":"tag","value":"selenium-webdriver-c#"},{"name":"tagNameSearch","value":"webdriver"}],"start":1573091706932,"stop":1573091706932},{"name":"Проверка содержания слова \"webdriver\" в selenium-webdriver-java","status":"passed","stage":"finished","steps":[],"attachments":[],"parameters":[{"name":"tag","value":"selenium-webdriver-java"},{"name":"tagNameSearch","value":"webdriver"}],"start":1573091706951,"stop":1573091706951},{"name":"Проверка эквивалентности тэга \"webdriver\" с тэгом\"webdriver\"","status":"passed","stage":"finished","steps":[],"attachments":[],"parameters":[{"name":"tagSearch","value":"webdriver"},{"name":"tagNameSearch","value":"webdriver"}],"start":1573091706966,"stop":1573091706966},{"name":"Поиск по точному совпадению тэга \"webdriver\"","status":"passed","stage":"finished","steps":[],"attachments":[],"parameters":[{"name":"tagList","value":"[php, selenium-webdriver, webdriver]"},{"name":"tagNameSearch","value":"webdriver"}],"start":1573091707742,"stop":1573091707742},{"name":"Поиск по точному совпадению тэга \"webdriver\"","status":"passed","stage":"finished","steps":[],"attachments":[],"parameters":[{"name":"tagList","value":"[selenium, webdriver, popup]"},{"name":"tagNameSearch","value":"webdriver"}],"start":1573091707804,"stop":1573091707804},{"name":"Поиск по точному совпадению тэга \"webdriver\"","status":"passed","stage":"finished","steps":[],"attachments":[],"parameters":[{"name":"tagList","value":"[python, selenium, google-chrome, webdriver]"},{"name":"tagNameSearch","value":"webdriver"}],"start":1573091707869,"stop":1573091707869},{"name":"Поиск по точному совпадению тэга \"webdriver\"","status":"passed","stage":"finished","steps":[],"attachments":[],"parameters":[{"name":"tagList","value":"[java, webdriver, microsoft-edge]"},{"name":"tagNameSearch","value":"webdriver"}],"start":1573091707919,"stop":1573091707919},{"name":"Поиск по точному совпадению тэга \"webdriver\"","status":"passed","stage":"finished","steps":[],"attachments":[],"parameters":[{"name":"tagList","value":"[python, selenium, webdriver]"},{"name":"tagNameSearch","value":"webdriver"}],"start":1573091707970,"stop":1573091707970},{"name":"Поиск по точному совпадению тэга \"webdriver\"","status":"passed","stage":"finished","steps":[],"attachments":[],"parameters":[{"name":"tagList","value":"[google-chrome, selenium-webdriver, webdriver]"},{"name":"tagNameSearch","value":"webdriver"}],"start":1573091708021,"stop":1573091708021},{"name":"Поиск по точному совпадению тэга \"webdriver\"","status":"passed","stage":"finished","steps":[],"attachments":[],"parameters":[{"name":"tagList","value":"[php, selenium-webdriver, foreach, webdriver]"},{"name":"tagNameSearch","value":"webdriver"}],"start":1573091708082,"stop":1573091708082},{"name":"Поиск по точному совпадению тэга \"webdriver\"","status":"passed","stage":"finished","steps":[],"attachments":[],"parameters":[{"name":"tagList","value":"[javascript, html, onclick, webdriver, html5-canvas]"},{"name":"tagNameSearch","value":"webdriver"}],"start":1573091708158,"stop":1573091708158},{"name":"Поиск по точному совпадению тэга \"webdriver\"","status":"passed","stage":"finished","steps":[],"attachments":[],"parameters":[{"name":"tagList","value":"[jmeter, webdriver, listener, reporting]"},{"name":"tagNameSearch","value":"webdriver"}],"start":1573091708222,"stop":1573091708222},{"name":"Поиск по точному совпадению тэга \"webdriver\"","status":"passed","stage":"finished","steps":[],"attachments":[],"parameters":[{"name":"tagList","value":"[c#, selenium, selenium-webdriver, webdriver, selenium-chromedriver]"},{"name":"tagNameSearch","value":"webdriver"}],"start":1573091708298,"stop":1573091708298},{"name":"Поиск по точному совпадению тэга \"webdriver\"","status":"passed","stage":"finished","steps":[],"attachments":[],"parameters":[{"name":"tagList","value":"[selenium, webdriver, schema]"},{"name":"tagNameSearch","value":"webdriver"}],"start":1573091708350,"stop":1573091708350},{"name":"Поиск по точному совпадению тэга \"webdriver\"","status":"passed","stage":"finished","steps":[],"attachments":[],"parameters":[{"name":"tagList","value":"[webdriver, selenium-chromedriver]"},{"name":"tagNameSearch","value":"webdriver"}],"start":1573091708389,"stop":1573091708389},{"name":"Поиск по точному совпадению тэга \"webdriver\"","status":"passed","stage":"finished","steps":[],"attachments":[],"parameters":[{"name":"tagList","value":"[selenium-webdriver, jmeter, webdriver, jmeter-plugins]"},{"name":"tagNameSearch","value":"webdriver"}],"start":1573091708452,"stop":1573091708452},{"name":"Поиск по точному совпадению тэга \"webdriver\"","status":"passed","stage":"finished","steps":[],"attachments":[],"parameters":[{"name":"tagList","value":"[selenium, selenium-webdriver, webdriver, microsoft-edge, chromium]"},{"name":"tagNameSearch","value":"webdriver"}],"start":1573091708530,"stop":1573091708530},{"name":"Поиск по точному совпадению тэга \"webdriver\"","status":"passed","stage":"finished","steps":[],"attachments":[],"parameters":[{"name":"tagList","value":"[python, selenium, selenium-webdriver, twitter, webdriver]"},{"name":"tagNameSearch","value":"webdriver"}],"start":1573091708607,"stop":1573091708607}],"attachments":[],"parameters":[],"start":1573091671606,"stop":1573091709236,"uuid":"74215e38-7b33-4998-a8ff-7cbbba67cce7","historyId":"ad07ccf223bb4ef36cb371f67ef9840e","fullName":"com.stackOverFlow.StackOverFlowTest.mainTest","labels":[{"name":"package","value":"com.stackOverFlow"},{"name":"testClass","value":"com.stackOverFlow.StackOverFlowTest"},{"name":"testMethod","value":"mainTest"},{"name":"suite","value":"com.stackOverFlow.StackOverFlowTest"},{"name":"host","value":"Dmitriy"},{"name":"thread","value":"16020@Dmitriy.main(1)"},{"name":"framework","value":"junit4"},{"name":"language","value":"java"}],"links":[]}